[
  {
    "level": "INFO",
    "message": "android.ndkVersion from module build.gradle is [22.0.7026061]"
  },
  {
    "level": "INFO",
    "message": "android.ndkPath from module build.gradle is not set"
  },
  {
    "level": "INFO",
    "message": "ndk.dir in local.properties is /home/seth/Android/Sdk/ndk"
  },
  {
    "level": "INFO",
    "message": "Not considering ANDROID_NDK_HOME because support was removed after deprecation period."
  },
  {
    "level": "INFO",
    "message": "sdkFolder is /home/seth/Android/Sdk"
  },
  {
    "level": "ERROR",
    "message": "NDK at /home/seth/Android/Sdk/ndk did not have a source.properties file"
  },
  {
    "level": "INFO",
    "message": "Folder /home/seth/Android/Sdk/ndk does not exist. Ignoring."
  },
  {
    "level": "ERROR",
    "message": "Location specified by ndk.dir (/home/seth/Android/Sdk/ndk) did not contain a valid NDK and couldn\u0027t be used"
  }
]